#
# There is insufficient memory for the Java Runtime Environment to continue.
# Native memory allocation (malloc) failed to allocate 1048576 bytes for AllocateHeap
# Possible reasons:
#   The system is out of physical RAM or swap space
#   The process is running with CompressedOops enabled, and the Java Heap may be blocking the growth of the native heap
# Possible solutions:
#   Reduce memory load on the system
#   Increase physical memory or swap space
#   Check if swap backing store is full
#   Decrease Java heap size (-Xmx/-Xms)
#   Decrease number of Java threads
#   Decrease Java thread stack sizes (-Xss)
#   Set larger code cache with -XX:ReservedCodeCacheSize=
#   JVM is running with Unscaled Compressed Oops mode in which the Java heap is
#     placed in the first 4GB address space. The Java Heap base address is the
#     maximum limit for the native heap growth. Please use -XX:HeapBaseMinAddress
#     to set the Java Heap base and to place the Java Heap above 4GB virtual address.
# This output file may be truncated or incomplete.
#
#  Out of Memory Error (allocation.cpp:44), pid=9052, tid=40508
#
# JRE version: OpenJDK Runtime Environment Temurin-17.0.10+7 (17.0.10+7) (build 17.0.10+7)
# Java VM: OpenJDK 64-Bit Server VM Temurin-17.0.10+7 (17.0.10+7, mixed mode, emulated-client, tiered, compressed oops, compressed class ptrs, g1 gc, windows-amd64)
# No core dump will be written. Minidumps are not enabled by default on client versions of Windows
#

---------------  S U M M A R Y ------------

Command Line: -XX:+HeapDumpOnOutOfMemoryError -Xmx1024m -Dsts.lsp.client=vscode -Dsts.log.file=/dev/null -XX:TieredStopAtLevel=1 -Xlog:jni+resolve=off -Dspring.config.location=file:c:\Users\gauravsingh10\.vscode\extensions\vmware.vscode-spring-boot-1.52.0\language-server\BOOT-INF\classes\application.properties org.springframework.ide.vscode.boot.app.BootLanguageServerBootApp

Host: 11th Gen Intel(R) Core(TM) i5-1145G7 @ 2.60GHz, 8 cores, 15G,  Windows 11 , 64 bit Build 22621 (10.0.22621.3085)
Time: Wed Feb 28 18:04:22 2024 India Standard Time elapsed time: 2119.597243 seconds (0d 0h 35m 19s)

---------------  T H R E A D  ---------------

Current thread (0x000002641b047480):  VMThread "VM Thread" [stack: 0x000000f887700000,0x000000f887800000] [id=40508]

Stack: [0x000000f887700000,0x000000f887800000]
Native frames: (J=compiled Java code, j=interpreted, Vv=VM code, C=native code)
V  [jvm.dll+0x67d2c9]
V  [jvm.dll+0x834afa]
V  [jvm.dll+0x8365be]
V  [jvm.dll+0x836c23]
V  [jvm.dll+0x2477ff]
V  [jvm.dll+0xa6c93]
V  [jvm.dll+0x2f8663]
V  [jvm.dll+0x2f42e0]
V  [jvm.dll+0x2dc8c7]
V  [jvm.dll+0x31fb87]
V  [jvm.dll+0x83b11b]
V  [jvm.dll+0x83be61]
V  [jvm.dll+0x83c37d]
V  [jvm.dll+0x83c754]
V  [jvm.dll+0x83c820]
V  [jvm.dll+0x7e3fba]
V  [jvm.dll+0x67c1b5]
C  [ucrtbase.dll+0x29363]
C  [KERNEL32.DLL+0x1257d]
C  [ntdll.dll+0x5aa58]

VM_Operation (0x000000f8887fec80): G1CollectFull, mode: safepoint, requested by thread 0x000002641ba2c7c0


---------------  P R O C E S S  ---------------

Threads class SMR info:
_java_thread_list=0x0000026420c0a020, length=21, elements={
0x000002641b07c380, 0x000002641b07ce50, 0x000002641b04a520, 0x000002641b04cf00,
0x000002641b04d7d0, 0x000002641b04e4a0, 0x000002641b0dd020, 0x000002641b0dd930,
0x000002641b2e1180, 0x000002641b2f5010, 0x000002642000faf0, 0x000002641ba2c7c0,
0x0000026420a6a840, 0x0000026410239440, 0x000002642075a1e0, 0x00000264208f87e0,
0x00000264208fa0e0, 0x0000026420bd7020, 0x0000026420bd7500, 0x0000026420bd5f90,
0x0000026420bd5570
}

Java Threads: ( => current thread )
  0x000002641b07c380 JavaThread "Reference Handler" daemon [_thread_blocked, id=12404, stack(0x000000f887800000,0x000000f887900000)]
  0x000002641b07ce50 JavaThread "Finalizer" daemon [_thread_blocked, id=20476, stack(0x000000f887900000,0x000000f887a00000)]
  0x000002641b04a520 JavaThread "Signal Dispatcher" daemon [_thread_blocked, id=29244, stack(0x000000f887a00000,0x000000f887b00000)]
  0x000002641b04cf00 JavaThread "Attach Listener" daemon [_thread_blocked, id=19176, stack(0x000000f887b00000,0x000000f887c00000)]
  0x000002641b04d7d0 JavaThread "Service Thread" daemon [_thread_blocked, id=36100, stack(0x000000f887c00000,0x000000f887d00000)]
  0x000002641b04e4a0 JavaThread "Monitor Deflation Thread" daemon [_thread_blocked, id=10188, stack(0x000000f887d00000,0x000000f887e00000)]
  0x000002641b0dd020 JavaThread "C1 CompilerThread0" daemon [_thread_blocked, id=37776, stack(0x000000f887e00000,0x000000f887f00000)]
  0x000002641b0dd930 JavaThread "Sweeper thread" daemon [_thread_blocked, id=41384, stack(0x000000f887f00000,0x000000f888000000)]
  0x000002641b2e1180 JavaThread "Notification Thread" daemon [_thread_blocked, id=31256, stack(0x000000f888300000,0x000000f888400000)]
  0x000002641b2f5010 JavaThread "Common-Cleaner" daemon [_thread_blocked, id=29468, stack(0x000000f888500000,0x000000f888600000)]
  0x000002642000faf0 JavaThread "boundedElastic-evictor-1" daemon [_thread_blocked, id=26148, stack(0x000000f888200000,0x000000f888300000)]
  0x000002641ba2c7c0 JavaThread "pool-12-thread-1" [_thread_blocked, id=8344, stack(0x000000f888700000,0x000000f888800000)]
  0x0000026420a6a840 JavaThread "LanguageServerApp-lifecycle" [_thread_blocked, id=21932, stack(0x000000f888800000,0x000000f888900000)]
  0x0000026410239440 JavaThread "DestroyJavaVM" [_thread_blocked, id=22864, stack(0x000000f887100000,0x000000f887200000)]
  0x000002642075a1e0 JavaThread "pool-13-thread-1" [_thread_in_native, id=16644, stack(0x000000f888e00000,0x000000f888f00000)]
  0x00000264208f87e0 JavaThread "Simple-Language-Server main thread" daemon [_thread_blocked, id=10212, stack(0x000000f888f00000,0x000000f889000000)]
  0x00000264208fa0e0 JavaThread "pool-8-thread-1" [_thread_blocked, id=28564, stack(0x000000f889000000,0x000000f889100000)]
  0x0000026420bd7020 JavaThread "parallel-1" daemon [_thread_blocked, id=22892, stack(0x000000f889100000,0x000000f889200000)]
  0x0000026420bd7500 JavaThread "pool-6-thread-1" [_thread_blocked, id=1600, stack(0x000000f889200000,0x000000f889300000)]
  0x0000026420bd5f90 JavaThread "parallel-2" daemon [_thread_blocked, id=30156, stack(0x000000f889300000,0x000000f889400000)]
  0x0000026420bd5570 JavaThread "Reconciler-1" daemon [_thread_blocked, id=22148, stack(0x000000f889400000,0x000000f889500000)]

Other Threads:
=>0x000002641b047480 VMThread "VM Thread" [stack: 0x000000f887700000,0x000000f887800000] [id=40508]
  0x000002641b2e3670 WatcherThread [stack: 0x000000f888400000,0x000000f888500000] [id=33316]
  0x0000026410278960 GCTaskThread "GC Thread#0" [stack: 0x000000f887200000,0x000000f887300000] [id=38428]
  0x000002641b224db0 GCTaskThread "GC Thread#1" [stack: 0x000000f886f00000,0x000000f887000000] [id=23856]
  0x000002641b225070 GCTaskThread "GC Thread#2" [stack: 0x000000f887000000,0x000000f887100000] [id=22492]
  0x0000026420018050 GCTaskThread "GC Thread#3" [stack: 0x000000f888000000,0x000000f888100000] [id=4552]
  0x0000026420018310 GCTaskThread "GC Thread#4" [stack: 0x000000f888100000,0x000000f888200000] [id=28344]
  0x000002641bc605c0 GCTaskThread "GC Thread#5" [stack: 0x000000f888600000,0x000000f888700000] [id=9264]
  0x0000026420488c40 GCTaskThread "GC Thread#6" [stack: 0x000000f888900000,0x000000f888a00000] [id=21596]
  0x000002642040d030 GCTaskThread "GC Thread#7" [stack: 0x000000f888a00000,0x000000f888b00000] [id=10924]
  0x00000264102818b0 ConcurrentGCThread "G1 Main Marker" [stack: 0x000000f887300000,0x000000f887400000] [id=43088]
  0x00000264102822d0 ConcurrentGCThread "G1 Conc#0" [stack: 0x000000f887400000,0x000000f887500000] [id=22224]
  0x00000264205146f0 ConcurrentGCThread "G1 Conc#1" [stack: 0x000000f888b00000,0x000000f888c00000] [id=42500]
  0x000002641aebe140 ConcurrentGCThread "G1 Refine#0" [stack: 0x000000f887500000,0x000000f887600000] [id=41464]
  0x000002641aebe980 ConcurrentGCThread "G1 Service" [stack: 0x000000f887600000,0x000000f887700000] [id=24960]

Threads with active compile tasks:

VM state: at safepoint (normal execution)

VM Mutex/Monitor currently owned by a thread:  ([mutex/lock_event])
[0x000002640df92f60] Threads_lock - owner thread: 0x000002641b047480
[0x000002640df8cb90] Heap_lock - owner thread: 0x000002641ba2c7c0

Heap address: 0x00000000c0000000, size: 1024 MB, Compressed Oops mode: 32-bit

CDS archive(s) not mapped
Compressed class space mapped at: 0x0000000100000000-0x0000000140000000, reserved size: 1073741824
Narrow klass base: 0x0000000000000000, Narrow klass shift: 3, Narrow klass range: 0x140000000

GC Precious Log:
 CPUs: 8 total, 8 available
 Memory: 15761M
 Large Page Support: Disabled
 NUMA Support: Disabled
 Compressed Oops: Enabled (32-bit)
 Heap Region Size: 1M
 Heap Min Capacity: 8M
 Heap Initial Capacity: 248M
 Heap Max Capacity: 1G
 Pre-touch: Disabled
 Parallel Workers: 8
 Concurrent Workers: 2
 Concurrent Refinement Workers: 8
 Periodic GC: Disabled

Heap:
 garbage-first heap   total 81920K, used 24057K [0x00000000c0000000, 0x0000000100000000)
  region size 1024K, 1 young (1024K), 0 survivors (0K)
 Metaspace       used 38720K, committed 39296K, reserved 1114112K
  class space    used 5106K, committed 5376K, reserved 1048576K

Heap Regions: E=young(eden), S=young(survivor), O=old, HS=humongous(starts), HC=humongous(continues), CS=collection set, F=free, OA=open archive, CA=closed archive, TAMS=top-at-mark-start (previous, next)
|   0|0x00000000c0000000, 0x00000000c0100000, 0x00000000c0100000|100%|HS|  |TAMS 0x00000000c0100000, 0x00000000c0000000| Untracked 
|   1|0x00000000c0100000, 0x00000000c0200000, 0x00000000c0200000|100%|HC|  |TAMS 0x00000000c0200000, 0x00000000c0100000| Untracked 
|   2|0x00000000c0200000, 0x00000000c0300000, 0x00000000c0300000|100%|HC|  |TAMS 0x00000000c0300000, 0x00000000c0200000| Untracked 
|   3|0x00000000c0300000, 0x00000000c0400000, 0x00000000c0400000|100%|HC|  |TAMS 0x00000000c0400000, 0x00000000c0300000| Untracked 
|   4|0x00000000c0400000, 0x00000000c0500000, 0x00000000c0500000|100%|HS|  |TAMS 0x00000000c0500000, 0x00000000c0400000| Untracked 
|   5|0x00000000c0500000, 0x00000000c0600000, 0x00000000c0600000|100%|HC|  |TAMS 0x00000000c0600000, 0x00000000c0500000| Untracked 
|   6|0x00000000c0600000, 0x00000000c0700000, 0x00000000c0700000|100%| O|  |TAMS 0x00000000c0700000, 0x00000000c0600000| Untracked 
|   7|0x00000000c0700000, 0x00000000c0800000, 0x00000000c0800000|100%| O|  |TAMS 0x00000000c0800000, 0x00000000c0700000| Untracked 
|   8|0x00000000c0800000, 0x00000000c0900000, 0x00000000c0900000|100%| O|  |TAMS 0x00000000c0900000, 0x00000000c0800000| Untracked 
|   9|0x00000000c0900000, 0x00000000c09fffe8, 0x00000000c0a00000| 99%| O|  |TAMS 0x00000000c09fffe8, 0x00000000c0900000| Untracked 
|  10|0x00000000c0a00000, 0x00000000c0b00000, 0x00000000c0b00000|100%| O|  |TAMS 0x00000000c0b00000, 0x00000000c0a00000| Untracked 
|  11|0x00000000c0b00000, 0x00000000c0bff678, 0x00000000c0c00000| 99%| O|  |TAMS 0x00000000c0bff678, 0x00000000c0b00000| Untracked 
|  12|0x00000000c0c00000, 0x00000000c0d00000, 0x00000000c0d00000|100%| O|  |TAMS 0x00000000c0d00000, 0x00000000c0c00000| Untracked 
|  13|0x00000000c0d00000, 0x00000000c0e00000, 0x00000000c0e00000|100%| O|  |TAMS 0x00000000c0e00000, 0x00000000c0d00000| Untracked 
|  14|0x00000000c0e00000, 0x00000000c0f00000, 0x00000000c0f00000|100%| O|  |TAMS 0x00000000c0f00000, 0x00000000c0e00000| Untracked 
|  15|0x00000000c0f00000, 0x00000000c0fffff0, 0x00000000c1000000| 99%| O|  |TAMS 0x00000000c0fffff0, 0x00000000c0f00000| Untracked 
|  16|0x00000000c1000000, 0x00000000c10fffe8, 0x00000000c1100000| 99%| O|  |TAMS 0x00000000c10fffe8, 0x00000000c1000000| Untracked 
|  17|0x00000000c1100000, 0x00000000c11fffe8, 0x00000000c1200000| 99%| O|  |TAMS 0x00000000c11fffe8, 0x00000000c1100000| Untracked 
|  18|0x00000000c1200000, 0x00000000c12fe3d0, 0x00000000c1300000| 99%| O|  |TAMS 0x00000000c12fe3d0, 0x00000000c1200000| Untracked 
|  19|0x00000000c1300000, 0x00000000c13ffff8, 0x00000000c1400000| 99%| O|  |TAMS 0x00000000c13ffff8, 0x00000000c1300000| Untracked 
|  20|0x00000000c1400000, 0x00000000c14fffd8, 0x00000000c1500000| 99%| O|  |TAMS 0x00000000c14fffd8, 0x00000000c1400000| Untracked 
|  21|0x00000000c1500000, 0x00000000c15fffd8, 0x00000000c1600000| 99%| O|  |TAMS 0x00000000c15fffd8, 0x00000000c1500000| Untracked 
|  22|0x00000000c1600000, 0x00000000c16fffe8, 0x00000000c1700000| 99%| O|  |TAMS 0x00000000c16fffe8, 0x00000000c1600000| Untracked 
|  23|0x00000000c1700000, 0x00000000c177e8e8, 0x00000000c1800000| 49%| O|  |TAMS 0x00000000c1700000, 0x00000000c1700000| Untracked 
|  24|0x00000000c1800000, 0x00000000c1802298, 0x00000000c1900000|  0%| O|  |TAMS 0x00000000c1800000, 0x00000000c1800000| Untracked 
|  25|0x00000000c1900000, 0x00000000c1900000, 0x00000000c1a00000|  0%| F|  |TAMS 0x00000000c1900000, 0x00000000c1900000| Untracked 
|  26|0x00000000c1a00000, 0x00000000c1a00000, 0x00000000c1b00000|  0%| F|  |TAMS 0x00000000c1a00000, 0x00000000c1a00000| Untracked 
|  27|0x00000000c1b00000, 0x00000000c1b00000, 0x00000000c1c00000|  0%| F|  |TAMS 0x00000000c1b00000, 0x00000000c1b00000| Untracked 
|  28|0x00000000c1c00000, 0x00000000c1c00000, 0x00000000c1d00000|  0%| F|  |TAMS 0x00000000c1c00000, 0x00000000c1c00000| Untracked 
|  29|0x00000000c1d00000, 0x00000000c1d00000, 0x00000000c1e00000|  0%| F|  |TAMS 0x00000000c1d00000, 0x00000000c1d00000| Untracked 
|  30|0x00000000c1e00000, 0x00000000c1e00000, 0x00000000c1f00000|  0%| F|  |TAMS 0x00000000c1e00000, 0x00000000c1e00000| Untracked 
|  31|0x00000000c1f00000, 0x00000000c1f00000, 0x00000000c2000000|  0%| F|  |TAMS 0x00000000c1f00000, 0x00000000c1f00000| Untracked 
|  32|0x00000000c2000000, 0x00000000c2000000, 0x00000000c2100000|  0%| F|  |TAMS 0x00000000c2000000, 0x00000000c2000000| Untracked 
|  33|0x00000000c2100000, 0x00000000c2100000, 0x00000000c2200000|  0%| F|  |TAMS 0x00000000c2100000, 0x00000000c2100000| Untracked 
|  34|0x00000000c2200000, 0x00000000c2200000, 0x00000000c2300000|  0%| F|  |TAMS 0x00000000c2200000, 0x00000000c2200000| Untracked 
|  35|0x00000000c2300000, 0x00000000c2300000, 0x00000000c2400000|  0%| F|  |TAMS 0x00000000c2300000, 0x00000000c2300000| Untracked 
|  36|0x00000000c2400000, 0x00000000c2400000, 0x00000000c2500000|  0%| F|  |TAMS 0x00000000c2400000, 0x00000000c2400000| Untracked 
|  37|0x00000000c2500000, 0x00000000c2500000, 0x00000000c2600000|  0%| F|  |TAMS 0x00000000c2500000, 0x00000000c2500000| Untracked 
|  38|0x00000000c2600000, 0x00000000c2600000, 0x00000000c2700000|  0%| F|  |TAMS 0x00000000c2600000, 0x00000000c2600000| Untracked 
|  39|0x00000000c2700000, 0x00000000c2700000, 0x00000000c2800000|  0%| F|  |TAMS 0x00000000c2700000, 0x00000000c2700000| Untracked 
|  40|0x00000000c2800000, 0x00000000c2800000, 0x00000000c2900000|  0%| F|  |TAMS 0x00000000c2800000, 0x00000000c2800000| Untracked 
|  41|0x00000000c2900000, 0x00000000c2900000, 0x00000000c2a00000|  0%| F|  |TAMS 0x00000000c2900000, 0x00000000c2900000| Untracked 
|  42|0x00000000c2a00000, 0x00000000c2a00000, 0x00000000c2b00000|  0%| F|  |TAMS 0x00000000c2a00000, 0x00000000c2a00000| Untracked 
|  43|0x00000000c2b00000, 0x00000000c2b00000, 0x00000000c2c00000|  0%| F|  |TAMS 0x00000000c2b00000, 0x00000000c2b00000| Untracked 
|  44|0x00000000c2c00000, 0x00000000c2c00000, 0x00000000c2d00000|  0%| F|  |TAMS 0x00000000c2c00000, 0x00000000c2c00000| Untracked 
|  45|0x00000000c2d00000, 0x00000000c2d00000, 0x00000000c2e00000|  0%| F|  |TAMS 0x00000000c2d00000, 0x00000000c2d00000| Untracked 
|  46|0x00000000c2e00000, 0x00000000c2e00000, 0x00000000c2f00000|  0%| F|  |TAMS 0x00000000c2e00000, 0x00000000c2e00000| Untracked 
|  47|0x00000000c2f00000, 0x00000000c2f00000, 0x00000000c3000000|  0%| F|  |TAMS 0x00000000c2f00000, 0x00000000c2f00000| Untracked 
|  48|0x00000000c3000000, 0x00000000c3000000, 0x00000000c3100000|  0%| F|  |TAMS 0x00000000c3000000, 0x00000000c3000000| Untracked 
|  49|0x00000000c3100000, 0x00000000c3100000, 0x00000000c3200000|  0%| F|  |TAMS 0x00000000c3100000, 0x00000000c3100000| Untracked 
|  50|0x00000000c3200000, 0x00000000c3200000, 0x00000000c3300000|  0%| F|  |TAMS 0x00000000c3200000, 0x00000000c3200000| Untracked 
|  51|0x00000000c3300000, 0x00000000c3300000, 0x00000000c3400000|  0%| F|  |TAMS 0x00000000c3300000, 0x00000000c3300000| Untracked 
|  52|0x00000000c3400000, 0x00000000c3400000, 0x00000000c3500000|  0%| F|  |TAMS 0x00000000c3400000, 0x00000000c3400000| Untracked 
|  53|0x00000000c3500000, 0x00000000c3500000, 0x00000000c3600000|  0%| F|  |TAMS 0x00000000c3500000, 0x00000000c3500000| Untracked 
|  54|0x00000000c3600000, 0x00000000c3600000, 0x00000000c3700000|  0%| F|  |TAMS 0x00000000c3600000, 0x00000000c3600000| Untracked 
|  55|0x00000000c3700000, 0x00000000c3700000, 0x00000000c3800000|  0%| F|  |TAMS 0x00000000c3700000, 0x00000000c3700000| Untracked 
|  56|0x00000000c3800000, 0x00000000c3800000, 0x00000000c3900000|  0%| F|  |TAMS 0x00000000c3800000, 0x00000000c3800000| Untracked 
|  57|0x00000000c3900000, 0x00000000c3900000, 0x00000000c3a00000|  0%| F|  |TAMS 0x00000000c3900000, 0x00000000c3900000| Untracked 
|  58|0x00000000c3a00000, 0x00000000c3a00000, 0x00000000c3b00000|  0%| F|  |TAMS 0x00000000c3a00000, 0x00000000c3a00000| Untracked 
|  59|0x00000000c3b00000, 0x00000000c3b00000, 0x00000000c3c00000|  0%| F|  |TAMS 0x00000000c3b00000, 0x00000000c3b00000| Untracked 
|  60|0x00000000c3c00000, 0x00000000c3c00000, 0x00000000c3d00000|  0%| F|  |TAMS 0x00000000c3c00000, 0x00000000c3c00000| Untracked 
|  61|0x00000000c3d00000, 0x00000000c3d00000, 0x00000000c3e00000|  0%| F|  |TAMS 0x00000000c3d00000, 0x00000000c3d00000| Untracked 
|  62|0x00000000c3e00000, 0x00000000c3e00000, 0x00000000c3f00000|  0%| F|  |TAMS 0x00000000c3e00000, 0x00000000c3e00000| Untracked 
|  63|0x00000000c3f00000, 0x00000000c3f00000, 0x00000000c4000000|  0%| F|  |TAMS 0x00000000c3f00000, 0x00000000c3f00000| Untracked 
|  64|0x00000000c4000000, 0x00000000c4000000, 0x00000000c4100000|  0%| F|  |TAMS 0x00000000c4000000, 0x00000000c4000000| Untracked 
|  65|0x00000000c4100000, 0x00000000c4100000, 0x00000000c4200000|  0%| F|  |TAMS 0x00000000c4100000, 0x00000000c4100000| Untracked 
|  66|0x00000000c4200000, 0x00000000c4200000, 0x00000000c4300000|  0%| F|  |TAMS 0x00000000c4200000, 0x00000000c4200000| Untracked 
|  67|0x00000000c4300000, 0x00000000c4300000, 0x00000000c4400000|  0%| F|  |TAMS 0x00000000c4300000, 0x00000000c4300000| Untracked 
|  68|0x00000000c4400000, 0x00000000c4400000, 0x00000000c4500000|  0%| F|  |TAMS 0x00000000c4400000, 0x00000000c4400000| Untracked 
|  69|0x00000000c4500000, 0x00000000c4500000, 0x00000000c4600000|  0%| F|  |TAMS 0x00000000c4500000, 0x00000000c4500000| Untracked 
|  70|0x00000000c4600000, 0x00000000c4600000, 0x00000000c4700000|  0%| F|  |TAMS 0x00000000c4600000, 0x00000000c4600000| Untracked 
|  71|0x00000000c4700000, 0x00000000c4700000, 0x00000000c4800000|  0%| F|  |TAMS 0x00000000c4700000, 0x00000000c4700000| Untracked 
|  72|0x00000000c4800000, 0x00000000c4800000, 0x00000000c4900000|  0%| F|  |TAMS 0x00000000c4800000, 0x00000000c4800000| Untracked 
|  73|0x00000000c4900000, 0x00000000c4900000, 0x00000000c4a00000|  0%| F|  |TAMS 0x00000000c4900000, 0x00000000c4900000| Untracked 
|  74|0x00000000c4a00000, 0x00000000c4a00000, 0x00000000c4b00000|  0%| F|  |TAMS 0x00000000c4a00000, 0x00000000c4a00000| Untracked 
|  75|0x00000000c4b00000, 0x00000000c4b00000, 0x00000000c4c00000|  0%| F|  |TAMS 0x00000000c4b00000, 0x00000000c4b00000| Untracked 
|  76|0x00000000c4c00000, 0x00000000c4c00000, 0x00000000c4d00000|  0%| F|  |TAMS 0x00000000c4c00000, 0x00000000c4c00000| Untracked 
|  77|0x00000000c4d00000, 0x00000000c4d00000, 0x00000000c4e00000|  0%| F|  |TAMS 0x00000000c4d00000, 0x00000000c4d00000| Untracked 
|  78|0x00000000c4e00000, 0x00000000c4e00000, 0x00000000c4f00000|  0%| F|  |TAMS 0x00000000c4e00000, 0x00000000c4e00000| Untracked 
| 211|0x00000000cd300000, 0x00000000cd334ea8, 0x00000000cd400000| 20%| E|  |TAMS 0x00000000cd300000, 0x00000000cd300000| Complete 

Card table byte_map: [0x00000264161d0000,0x00000264163d0000] _byte_map_base: 0x0000026415bd0000

Marking Bits (Prev, Next): (CMBitMap*) 0x0000026410278fc0, (CMBitMap*) 0x0000026410278f80
 Prev Bits: [0x00000264175d0000, 0x00000264185d0000)
 Next Bits: [0x00000264165d0000, 0x00000264175d0000)

Polling page: 0x000002640e1a0000

Metaspace:

Usage:
  Non-class:     32.83 MB used.
      Class:      4.99 MB used.
       Both:     37.81 MB used.

Virtual space:
  Non-class space:       64.00 MB reserved,      33.12 MB ( 52%) committed,  1 nodes.
      Class space:        1.00 GB reserved,       5.25 MB ( <1%) committed,  1 nodes.
             Both:        1.06 GB reserved,      38.38 MB (  4%) committed. 

Chunk freelists:
   Non-Class:  14.97 MB
       Class:  10.81 MB
        Both:  25.79 MB

MaxMetaspaceSize: unlimited
CompressedClassSpaceSize: 1.00 GB
Initial GC threshold: 21.00 MB
Current GC threshold: 64.00 MB
CDS: off
MetaspaceReclaimPolicy: balanced
 - commit_granule_bytes: 65536.
 - commit_granule_words: 8192.
 - virtual_space_node_default_size: 8388608.
 - enlarge_chunks_in_place: 1.
 - new_chunks_are_fully_committed: 0.
 - uncommit_free_chunks: 1.
 - use_allocation_guard: 0.
 - handle_deallocations: 1.


Internal statistics:

num_allocs_failed_limit: 12.
num_arena_births: 502.
num_arena_deaths: 152.
num_vsnodes_births: 2.
num_vsnodes_deaths: 0.
num_space_committed: 614.
num_space_uncommitted: 0.
num_chunks_returned_to_freelist: 181.
num_chunks_taken_from_freelist: 1672.
num_chunk_merges: 61.
num_chunk_splits: 1149.
num_chunks_enlarged: 860.
num_inconsistent_stats: 0.

CodeCache: size=49152Kb used=6787Kb max_used=7491Kb free=42364Kb
 bounds [0x0000026412ec0000, 0x0000026413620000, 0x0000026415ec0000]
 total_blobs=4194 nmethods=3651 adapters=470
 compilation: enabled
              stopped_count=0, restarted_count=0
 full_count=0

Compilation events (20 events):
Event: 1535.414 Thread 0x000002641b0dd020 3654       1       java.io.FileInputStream::<init> (59 bytes)
Event: 1535.418 Thread 0x000002641b0dd020 nmethod 3654 0x0000026413498c10 code [0x0000026413498e00, 0x00000264134992c8]
Event: 1535.418 Thread 0x000002641b0dd020 3655       1       java.lang.Process$PipeInputStream::<init> (6 bytes)
Event: 1535.419 Thread 0x000002641b0dd020 nmethod 3655 0x0000026413498910 code [0x0000026413498aa0, 0x0000026413498b88]
Event: 1537.990 Thread 0x000002641b0dd020 3656       1       java.lang.ProcessImpl::exitValue (28 bytes)
Event: 1537.990 Thread 0x000002641b0dd020 nmethod 3656 0x0000026413498510 code [0x00000264134986c0, 0x0000026413498818]
Event: 1537.990 Thread 0x000002641b0dd020 3659   !   1       com.google.common.io.Closeables::closeQuietly (19 bytes)
Event: 1537.992 Thread 0x000002641b0dd020 nmethod 3659 0x0000026413498110 code [0x00000264134982c0, 0x0000026413498438]
Event: 1537.992 Thread 0x000002641b0dd020 3657       1       java.lang.ProcessImpl::getInputStream (5 bytes)
Event: 1537.992 Thread 0x000002641b0dd020 nmethod 3657 0x0000026413497e10 code [0x0000026413497fa0, 0x0000026413498078]
Event: 1537.992 Thread 0x000002641b0dd020 3658       1       java.lang.ProcessImpl::getErrorStream (5 bytes)
Event: 1537.992 Thread 0x000002641b0dd020 nmethod 3658 0x0000026413497b10 code [0x0000026413497ca0, 0x0000026413497d78]
Event: 1537.992 Thread 0x000002641b0dd020 3660       1       java.lang.ProcessImpl::getOutputStream (5 bytes)
Event: 1537.993 Thread 0x000002641b0dd020 nmethod 3660 0x0000026413497810 code [0x00000264134979a0, 0x0000026413497a78]
Event: 2057.436 Thread 0x000002641b0dd020 3661       1       java.util.concurrent.locks.AbstractQueuedSynchronizer$ConditionObject::enableWait (84 bytes)
Event: 2057.441 Thread 0x000002641b0dd020 nmethod 3661 0x0000026413497010 code [0x0000026413497200, 0x00000264134975f8]
Event: 2057.441 Thread 0x000002641b0dd020 3662       1       java.util.concurrent.locks.AbstractQueuedSynchronizer$Node::setStatusRelaxed (12 bytes)
Event: 2057.441 Thread 0x000002641b0dd020 nmethod 3662 0x0000026413496d10 code [0x0000026413496ea0, 0x0000026413496f78]
Event: 2109.463 Thread 0x000002641b0dd020 3663       1       java.io.BufferedOutputStream::flushBuffer (29 bytes)
Event: 2109.497 Thread 0x000002641b0dd020 nmethod 3663 0x0000026413496a10 code [0x0000026413496ba0, 0x0000026413496ca8]

GC Heap History (20 events):
Event: 2013.575 GC heap before
{Heap before GC invocations=179 (full 171):
 garbage-first heap   total 81920K, used 24057K [0x00000000c0000000, 0x0000000100000000)
  region size 1024K, 1 young (1024K), 0 survivors (0K)
 Metaspace       used 38720K, committed 39296K, reserved 1114112K
  class space    used 5106K, committed 5376K, reserved 1048576K
}
Event: 2013.607 GC heap after
{Heap after GC invocations=180 (full 172):
 garbage-first heap   total 81920K, used 24057K [0x00000000c0000000, 0x0000000100000000)
  region size 1024K, 0 young (0K), 0 survivors (0K)
 Metaspace       used 38720K, committed 39296K, reserved 1114112K
  class space    used 5106K, committed 5376K, reserved 1048576K
}
Event: 2024.707 GC heap before
{Heap before GC invocations=180 (full 172):
 garbage-first heap   total 81920K, used 24057K [0x00000000c0000000, 0x0000000100000000)
  region size 1024K, 1 young (1024K), 0 survivors (0K)
 Metaspace       used 38720K, committed 39296K, reserved 1114112K
  class space    used 5106K, committed 5376K, reserved 1048576K
}
Event: 2024.739 GC heap after
{Heap after GC invocations=181 (full 173):
 garbage-first heap   total 81920K, used 24057K [0x00000000c0000000, 0x0000000100000000)
  region size 1024K, 0 young (0K), 0 survivors (0K)
 Metaspace       used 38720K, committed 39296K, reserved 1114112K
  class space    used 5106K, committed 5376K, reserved 1048576K
}
Event: 2035.332 GC heap before
{Heap before GC invocations=181 (full 173):
 garbage-first heap   total 81920K, used 24057K [0x00000000c0000000, 0x0000000100000000)
  region size 1024K, 1 young (1024K), 0 survivors (0K)
 Metaspace       used 38720K, committed 39296K, reserved 1114112K
  class space    used 5106K, committed 5376K, reserved 1048576K
}
Event: 2035.364 GC heap after
{Heap after GC invocations=182 (full 174):
 garbage-first heap   total 81920K, used 24057K [0x00000000c0000000, 0x0000000100000000)
  region size 1024K, 0 young (0K), 0 survivors (0K)
 Metaspace       used 38720K, committed 39296K, reserved 1114112K
  class space    used 5106K, committed 5376K, reserved 1048576K
}
Event: 2045.857 GC heap before
{Heap before GC invocations=182 (full 174):
 garbage-first heap   total 81920K, used 24057K [0x00000000c0000000, 0x0000000100000000)
  region size 1024K, 1 young (1024K), 0 survivors (0K)
 Metaspace       used 38720K, committed 39296K, reserved 1114112K
  class space    used 5106K, committed 5376K, reserved 1048576K
}
Event: 2045.891 GC heap after
{Heap after GC invocations=183 (full 175):
 garbage-first heap   total 81920K, used 24057K [0x00000000c0000000, 0x0000000100000000)
  region size 1024K, 0 young (0K), 0 survivors (0K)
 Metaspace       used 38720K, committed 39296K, reserved 1114112K
  class space    used 5106K, committed 5376K, reserved 1048576K
}
Event: 2056.469 GC heap before
{Heap before GC invocations=183 (full 175):
 garbage-first heap   total 81920K, used 24057K [0x00000000c0000000, 0x0000000100000000)
  region size 1024K, 1 young (1024K), 0 survivors (0K)
 Metaspace       used 38720K, committed 39296K, reserved 1114112K
  class space    used 5106K, committed 5376K, reserved 1048576K
}
Event: 2056.503 GC heap after
{Heap after GC invocations=184 (full 176):
 garbage-first heap   total 81920K, used 24057K [0x00000000c0000000, 0x0000000100000000)
  region size 1024K, 0 young (0K), 0 survivors (0K)
 Metaspace       used 38720K, committed 39296K, reserved 1114112K
  class space    used 5106K, committed 5376K, reserved 1048576K
}
Event: 2067.140 GC heap before
{Heap before GC invocations=184 (full 176):
 garbage-first heap   total 81920K, used 24057K [0x00000000c0000000, 0x0000000100000000)
  region size 1024K, 1 young (1024K), 0 survivors (0K)
 Metaspace       used 38720K, committed 39296K, reserved 1114112K
  class space    used 5106K, committed 5376K, reserved 1048576K
}
Event: 2067.181 GC heap after
{Heap after GC invocations=185 (full 177):
 garbage-first heap   total 81920K, used 24057K [0x00000000c0000000, 0x0000000100000000)
  region size 1024K, 0 young (0K), 0 survivors (0K)
 Metaspace       used 38720K, committed 39296K, reserved 1114112K
  class space    used 5106K, committed 5376K, reserved 1048576K
}
Event: 2077.764 GC heap before
{Heap before GC invocations=185 (full 177):
 garbage-first heap   total 81920K, used 24057K [0x00000000c0000000, 0x0000000100000000)
  region size 1024K, 1 young (1024K), 0 survivors (0K)
 Metaspace       used 38720K, committed 39296K, reserved 1114112K
  class space    used 5106K, committed 5376K, reserved 1048576K
}
Event: 2077.796 GC heap after
{Heap after GC invocations=186 (full 178):
 garbage-first heap   total 81920K, used 24057K [0x00000000c0000000, 0x0000000100000000)
  region size 1024K, 0 young (0K), 0 survivors (0K)
 Metaspace       used 38720K, committed 39296K, reserved 1114112K
  class space    used 5106K, committed 5376K, reserved 1048576K
}
Event: 2088.426 GC heap before
{Heap before GC invocations=186 (full 178):
 garbage-first heap   total 81920K, used 24057K [0x00000000c0000000, 0x0000000100000000)
  region size 1024K, 1 young (1024K), 0 survivors (0K)
 Metaspace       used 38720K, committed 39296K, reserved 1114112K
  class space    used 5106K, committed 5376K, reserved 1048576K
}
Event: 2088.458 GC heap after
{Heap after GC invocations=187 (full 179):
 garbage-first heap   total 81920K, used 24057K [0x00000000c0000000, 0x0000000100000000)
  region size 1024K, 0 young (0K), 0 survivors (0K)
 Metaspace       used 38720K, committed 39296K, reserved 1114112K
  class space    used 5106K, committed 5376K, reserved 1048576K
}
Event: 2098.987 GC heap before
{Heap before GC invocations=187 (full 179):
 garbage-first heap   total 81920K, used 24057K [0x00000000c0000000, 0x0000000100000000)
  region size 1024K, 1 young (1024K), 0 survivors (0K)
 Metaspace       used 38720K, committed 39296K, reserved 1114112K
  class space    used 5106K, committed 5376K, reserved 1048576K
}
Event: 2099.021 GC heap after
{Heap after GC invocations=188 (full 180):
 garbage-first heap   total 81920K, used 24057K [0x00000000c0000000, 0x0000000100000000)
  region size 1024K, 0 young (0K), 0 survivors (0K)
 Metaspace       used 38720K, committed 39296K, reserved 1114112K
  class space    used 5106K, committed 5376K, reserved 1048576K
}
Event: 2109.463 GC heap before
{Heap before GC invocations=188 (full 180):
 garbage-first heap   total 81920K, used 24057K [0x00000000c0000000, 0x0000000100000000)
  region size 1024K, 1 young (1024K), 0 survivors (0K)
 Metaspace       used 38720K, committed 39296K, reserved 1114112K
  class space    used 5106K, committed 5376K, reserved 1048576K
}
Event: 2109.497 GC heap after
{Heap after GC invocations=189 (full 181):
 garbage-first heap   total 81920K, used 24057K [0x00000000c0000000, 0x0000000100000000)
  region size 1024K, 0 young (0K), 0 survivors (0K)
 Metaspace       used 38720K, committed 39296K, reserved 1114112K
  class space    used 5106K, committed 5376K, reserved 1048576K
}

Dll operation events (8 events):
Event: 0.062 Loaded shared library c:\Users\gauravsingh10\.vscode\extensions\redhat.java-1.28.1-win32-x64\jre\17.0.10-win32-x86_64\bin\java.dll
Event: 1.058 Loaded shared library C:\Users\gauravsingh10\.vscode\extensions\redhat.java-1.28.1-win32-x64\jre\17.0.10-win32-x86_64\bin\net.dll
Event: 1.061 Loaded shared library C:\Users\gauravsingh10\.vscode\extensions\redhat.java-1.28.1-win32-x64\jre\17.0.10-win32-x86_64\bin\nio.dll
Event: 1.080 Loaded shared library C:\Users\gauravsingh10\.vscode\extensions\redhat.java-1.28.1-win32-x64\jre\17.0.10-win32-x86_64\bin\zip.dll
Event: 52.513 Loaded shared library C:\Users\gauravsingh10\.vscode\extensions\redhat.java-1.28.1-win32-x64\jre\17.0.10-win32-x86_64\bin\jimage.dll
Event: 67.118 Loaded shared library c:\Users\gauravsingh10\.vscode\extensions\redhat.java-1.28.1-win32-x64\jre\17.0.10-win32-x86_64\bin\verify.dll
Event: 107.764 Loaded shared library C:\Users\gauravsingh10\.vscode\extensions\redhat.java-1.28.1-win32-x64\jre\17.0.10-win32-x86_64\bin\management.dll
Event: 107.795 Loaded shared library C:\Users\gauravsingh10\.vscode\extensions\redhat.java-1.28.1-win32-x64\jre\17.0.10-win32-x86_64\bin\management_ext.dll

Deoptimization events (4 events):
Event: 109.321 Thread 0x000002642075a1e0 DEOPT PACKING pc=0x0000026413391581 sp=0x000000f888efd9b0
Event: 109.321 Thread 0x000002642075a1e0 DEOPT UNPACKING pc=0x0000026412f1ace3 sp=0x000000f888efce40 mode 3
Event: 109.374 Thread 0x00000264208f87e0 DEOPT PACKING pc=0x00000264133e0c97 sp=0x000000f888ffef70
Event: 109.374 Thread 0x00000264208f87e0 DEOPT UNPACKING pc=0x0000026412f1ace3 sp=0x000000f888ffe3c8 mode 3

Classes unloaded (20 events):
Event: 186.345 Thread 0x000002641b047480 Unloading class 0x00000001003a9400 'java/lang/invoke/LambdaForm$MH+0x00000001003a9400'
Event: 186.345 Thread 0x000002641b047480 Unloading class 0x00000001003a9000 'java/lang/invoke/LambdaForm$MH+0x00000001003a9000'
Event: 186.345 Thread 0x000002641b047480 Unloading class 0x0000000100096000 'java/lang/invoke/LambdaForm$MH+0x0000000100096000'
Event: 186.345 Thread 0x000002641b047480 Unloading class 0x0000000100095c00 'java/lang/invoke/LambdaForm$MH+0x0000000100095c00'
Event: 186.345 Thread 0x000002641b047480 Unloading class 0x0000000100095800 'java/lang/invoke/LambdaForm$MH+0x0000000100095800'
Event: 186.345 Thread 0x000002641b047480 Unloading class 0x0000000100095400 'java/lang/invoke/LambdaForm$MH+0x0000000100095400'
Event: 186.345 Thread 0x000002641b047480 Unloading class 0x0000000100095000 'java/lang/invoke/LambdaForm$MH+0x0000000100095000'
Event: 186.345 Thread 0x000002641b047480 Unloading class 0x0000000100094c00 'java/lang/invoke/LambdaForm$MH+0x0000000100094c00'
Event: 186.345 Thread 0x000002641b047480 Unloading class 0x0000000100094800 'java/lang/invoke/LambdaForm$MH+0x0000000100094800'
Event: 186.345 Thread 0x000002641b047480 Unloading class 0x0000000100094400 'java/lang/invoke/LambdaForm$MH+0x0000000100094400'
Event: 186.345 Thread 0x000002641b047480 Unloading class 0x000000010008e800 'java/lang/invoke/LambdaForm$MH+0x000000010008e800'
Event: 186.345 Thread 0x000002641b047480 Unloading class 0x000000010008e400 'java/lang/invoke/LambdaForm$MH+0x000000010008e400'
Event: 186.345 Thread 0x000002641b047480 Unloading class 0x000000010008e000 'java/lang/invoke/LambdaForm$MH+0x000000010008e000'
Event: 186.345 Thread 0x000002641b047480 Unloading class 0x000000010008dc00 'java/lang/invoke/LambdaForm$MH+0x000000010008dc00'
Event: 186.345 Thread 0x000002641b047480 Unloading class 0x000000010008d800 'java/lang/invoke/LambdaForm$MH+0x000000010008d800'
Event: 186.345 Thread 0x000002641b047480 Unloading class 0x000000010008d400 'java/lang/invoke/LambdaForm$MH+0x000000010008d400'
Event: 186.345 Thread 0x000002641b047480 Unloading class 0x000000010008cc00 'java/lang/invoke/LambdaForm$MH+0x000000010008cc00'
Event: 186.346 Thread 0x000002641b047480 Unloading class 0x000000010008c800 'java/lang/invoke/LambdaForm$MH+0x000000010008c800'
Event: 186.346 Thread 0x000002641b047480 Unloading class 0x000000010008c000 'java/lang/invoke/LambdaForm$MH+0x000000010008c000'
Event: 186.346 Thread 0x000002641b047480 Unloading class 0x000000010008bc00 'java/lang/invoke/LambdaForm$MH+0x000000010008bc00'

Classes redefined (0 events):
No events

Internal exceptions (20 events):
Event: 96.745 Thread 0x0000026410239440 Exception <a 'java/lang/NoSuchMethodError'{0x00000000c25c19e8}: 'java.lang.Object java.lang.invoke.DirectMethodHandle$Holder.invokeSpecial(java.lang.Object, java.lang.Object, int, java.lang.Object, java.lang.Object)'> (0x00000000c25c19e8) 
thrown [s\src\hotspot\share\interpreter\linkResolver.cpp, line 759]
Event: 96.746 Thread 0x0000026410239440 Exception <a 'java/lang/NoSuchMethodError'{0x00000000c25c5690}: 'java.lang.Object java.lang.invoke.DelegatingMethodHandle$Holder.delegate(java.lang.Object, int, java.lang.Object, java.lang.Object)'> (0x00000000c25c5690) 
thrown [s\src\hotspot\share\interpreter\linkResolver.cpp, line 759]
Event: 96.748 Thread 0x0000026410239440 Exception <a 'java/lang/NoSuchMethodError'{0x00000000c25d6518}: 'int java.lang.invoke.Invokers$Holder.linkToTargetMethod(java.lang.Object, java.lang.Object, java.lang.Object)'> (0x00000000c25d6518) 
thrown [s\src\hotspot\share\interpreter\linkResolver.cpp, line 759]
Event: 97.140 Thread 0x0000026410239440 Exception <a 'java/lang/NoSuchMethodError'{0x00000000cf4490b0}: 'java.lang.Object java.lang.invoke.DirectMethodHandle$Holder.invokeStaticInit(java.lang.Object, int, int, int, int)'> (0x00000000cf4490b0) 
thrown [s\src\hotspot\share\interpreter\linkResolver.cpp, line 759]
Event: 97.306 Thread 0x0000026410239440 Exception <a 'java/lang/NoSuchMethodError'{0x00000000cf336408}: 'java.lang.Object java.lang.invoke.DirectMethodHandle$Holder.invokeStaticInit(java.lang.Object, java.lang.Object, int, int, int, int)'> (0x00000000cf336408) 
thrown [s\src\hotspot\share\interpreter\linkResolver.cpp, line 759]
Event: 97.959 Thread 0x0000026410239440 Exception <a 'java/lang/NoSuchMethodError'{0x00000000c4d54af0}: 'void java.lang.invoke.DirectMethodHandle$Holder.invokeSpecialIFC(java.lang.Object, java.lang.Object, java.lang.Object)'> (0x00000000c4d54af0) 
thrown [s\src\hotspot\share\interpreter\linkResolver.cpp, line 759]
Event: 104.197 Thread 0x0000026410239440 Exception <a 'java/lang/NoSuchMethodError'{0x00000000c3dcbfd8}: 'int java.lang.invoke.DirectMethodHandle$Holder.invokeStaticInit(java.lang.Object, java.lang.Object, int, java.lang.Object)'> (0x00000000c3dcbfd8) 
thrown [s\src\hotspot\share\interpreter\linkResolver.cpp, line 759]
Event: 105.265 Thread 0x0000026410239440 Exception <a 'java/lang/NoSuchMethodError'{0x00000000c3cdac78}: 'void java.lang.invoke.DirectMethodHandle$Holder.invokeSpecial(java.lang.Object, java.lang.Object, java.lang.Object, java.lang.Object, java.lang.Object, java.lang.Object, java.lang.Object)'> (0x00000000c3cdac78) 
thrown [s\src\hotspot\share\interpreter\linkResolver.cpp, line 759]
Event: 106.871 Thread 0x0000026410239440 Exception <a 'java/lang/NoSuchMethodError'{0x00000000c38eb1f8}: 'java.lang.Object java.lang.invoke.DirectMethodHandle$Holder.invokeInterface(java.lang.Object, java.lang.Object, int)'> (0x00000000c38eb1f8) 
thrown [s\src\hotspot\share\interpreter\linkResolver.cpp, line 759]
Event: 106.879 Thread 0x0000026410239440 Exception <a 'java/lang/IncompatibleClassChangeError'{0x00000000c38fe900}: Found class java.lang.Object, but interface was expected> (0x00000000c38fe900) 
thrown [s\src\hotspot\share\interpreter\linkResolver.cpp, line 826]
Event: 107.750 Thread 0x0000026410239440 Exception <a 'java/lang/NoSuchMethodError'{0x00000000cf4d5c28}: 'java.lang.Object java.lang.invoke.DirectMethodHandle$Holder.newInvokeSpecial(java.lang.Object, java.lang.Object, int, java.lang.Object, java.lang.Object)'> (0x00000000cf4d5c28) 
thrown [s\src\hotspot\share\interpreter\linkResolver.cpp, line 759]
Event: 107.752 Thread 0x0000026410239440 Exception <a 'java/lang/NoSuchMethodError'{0x00000000cf4e8af8}: 'java.lang.Object java.lang.invoke.DirectMethodHandle$Holder.invokeSpecial(java.lang.Object, java.lang.Object, int, java.lang.Object, int, java.lang.Object)'> (0x00000000cf4e8af8) 
thrown [s\src\hotspot\share\interpreter\linkResolver.cpp, line 759]
Event: 107.752 Thread 0x0000026410239440 Exception <a 'java/lang/NoSuchMethodError'{0x00000000cf4f0900}: 'java.lang.Object java.lang.invoke.DirectMethodHandle$Holder.newInvokeSpecial(java.lang.Object, java.lang.Object, int, java.lang.Object, int)'> (0x00000000cf4f0900) 
thrown [s\src\hotspot\share\interpreter\linkResolver.cpp, line 759]
Event: 107.753 Thread 0x0000026410239440 Exception <a 'java/lang/NoSuchMethodError'{0x00000000cf4f4a00}: 'java.lang.Object java.lang.invoke.DirectMethodHandle$Holder.invokeSpecial(java.lang.Object, java.lang.Object, java.lang.Object, int, java.lang.Object, int)'> (0x00000000cf4f4a00) 
thrown [s\src\hotspot\share\interpreter\linkResolver.cpp, line 759]
Event: 108.877 Thread 0x000002642075a1e0 Exception <a 'java/lang/NoSuchMethodError'{0x00000000c4b56100}: 'java.lang.Object java.lang.invoke.DirectMethodHandle$Holder.invokeStatic(java.lang.Object, java.lang.Object, java.lang.Object, int, java.lang.Object, java.lang.Object)'> (0x00000000c4b56100) 
thrown [s\src\hotspot\share\interpreter\linkResolver.cpp, line 759]
Event: 108.887 Thread 0x00000264208f87e0 Exception <a 'java/lang/NoSuchMethodError'{0x00000000c4b9d580}: 'java.lang.Object java.lang.invoke.DirectMethodHandle$Holder.invokeStatic(java.lang.Object, int, java.lang.Object)'> (0x00000000c4b9d580) 
thrown [s\src\hotspot\share\interpreter\linkResolver.cpp, line 759]
Event: 114.585 Thread 0x0000026420bd5570 Exception <a 'java/lang/NoSuchMethodError'{0x00000000c448e1b0}: 'int java.lang.invoke.DirectMethodHandle$Holder.invokeStatic(java.lang.Object)'> (0x00000000c448e1b0) 
thrown [s\src\hotspot\share\interpreter\linkResolver.cpp, line 759]
Event: 114.586 Thread 0x0000026420bd5570 Exception <a 'java/lang/NoSuchMethodError'{0x00000000c44915b0}: 'int java.lang.invoke.DirectMethodHandle$Holder.invokeStaticInit(java.lang.Object)'> (0x00000000c44915b0) 
thrown [s\src\hotspot\share\interpreter\linkResolver.cpp, line 759]
Event: 147.774 Thread 0x000002641ba2c7c0 Exception <a 'java/lang/NoSuchMethodError'{0x00000000cf483eb8}: 'void java.lang.invoke.DirectMethodHandle$Holder.invokeStatic(java.lang.Object, long)'> (0x00000000cf483eb8) 
thrown [s\src\hotspot\share\interpreter\linkResolver.cpp, line 759]
Event: 147.775 Thread 0x000002641ba2c7c0 Exception <a 'java/lang/NoSuchMethodError'{0x00000000cf489260}: 'java.lang.Object java.lang.invoke.DirectMethodHandle$Holder.newInvokeSpecial(java.lang.Object, long)'> (0x00000000cf489260) 
thrown [s\src\hotspot\share\interpreter\linkResolver.cpp, line 759]

VM Operations (20 events):
Event: 2013.607 Executing VM operation: G1CollectFull done
Event: 2024.707 Executing VM operation: G1CollectFull
Event: 2024.740 Executing VM operation: G1CollectFull done
Event: 2035.332 Executing VM operation: G1CollectFull
Event: 2035.364 Executing VM operation: G1CollectFull done
Event: 2045.857 Executing VM operation: G1CollectFull
Event: 2045.891 Executing VM operation: G1CollectFull done
Event: 2056.469 Executing VM operation: G1CollectFull
Event: 2056.503 Executing VM operation: G1CollectFull done
Event: 2067.140 Executing VM operation: G1CollectFull
Event: 2067.181 Executing VM operation: G1CollectFull done
Event: 2077.764 Executing VM operation: G1CollectFull
Event: 2077.796 Executing VM operation: G1CollectFull done
Event: 2088.426 Executing VM operation: G1CollectFull
Event: 2088.458 Executing VM operation: G1CollectFull done
Event: 2098.987 Executing VM operation: G1CollectFull
Event: 2099.021 Executing VM operation: G1CollectFull done
Event: 2109.463 Executing VM operation: G1CollectFull
Event: 2109.497 Executing VM operation: G1CollectFull done
Event: 2119.591 Executing VM operation: G1CollectFull

Events (20 events):
Event: 114.682 loading class java/util/concurrent/atomic/AtomicLongFieldUpdater done
Event: 114.682 loading class java/util/concurrent/atomic/AtomicLongFieldUpdater$CASUpdater
Event: 114.683 loading class java/util/concurrent/atomic/AtomicLongFieldUpdater$CASUpdater done
Event: 114.683 loading class java/util/concurrent/atomic/AtomicLongFieldUpdater$CASUpdater$1
Event: 114.683 loading class java/util/concurrent/atomic/AtomicLongFieldUpdater$CASUpdater$1 done
Event: 147.730 loading class java/lang/ProcessBuilder
Event: 147.750 loading class java/lang/ProcessBuilder done
Event: 147.750 loading class java/lang/ProcessImpl
Event: 147.751 loading class java/lang/ProcessImpl done
Event: 147.775 loading class java/lang/ProcessImpl$2
Event: 147.776 loading class java/lang/ProcessImpl$2 done
Event: 147.776 loading class java/lang/Process$PipeInputStream
Event: 147.776 loading class java/lang/Process$PipeInputStream done
Event: 147.777 loading class jdk/internal/event/ProcessStartEvent
Event: 147.777 loading class jdk/internal/event/ProcessStartEvent done
Event: 148.636 loading class java/io/FileOutputStream$1
Event: 148.636 loading class java/io/FileOutputStream$1 done
Event: 170.612 Thread 0x0000026420bd5a80 Thread exited: 0x0000026420bd5a80
Event: 170.633 Thread 0x0000026420bd5060 Thread exited: 0x0000026420bd5060
Event: 174.360 Thread 0x0000026420bd69b0 Thread exited: 0x0000026420bd69b0


Dynamic libraries:
0x00007ff6c2050000 - 0x00007ff6c205e000 	c:\Users\gauravsingh10\.vscode\extensions\redhat.java-1.28.1-win32-x64\jre\17.0.10-win32-x86_64\bin\java.exe
0x00007ffb5f910000 - 0x00007ffb5fb27000 	C:\Windows\SYSTEM32\ntdll.dll
0x00007ffb5e310000 - 0x00007ffb5e3d4000 	C:\Windows\System32\KERNEL32.DLL
0x00007ffb5d040000 - 0x00007ffb5d3e6000 	C:\Windows\System32\KERNELBASE.dll
0x00007ffb5cc50000 - 0x00007ffb5cd61000 	C:\Windows\System32\ucrtbase.dll
0x00007ffb29cc0000 - 0x00007ffb29cd7000 	c:\Users\gauravsingh10\.vscode\extensions\redhat.java-1.28.1-win32-x64\jre\17.0.10-win32-x86_64\bin\jli.dll
0x00007ffb5dfd0000 - 0x00007ffb5e17e000 	C:\Windows\System32\USER32.dll
0x00007ffb5cd70000 - 0x00007ffb5cd96000 	C:\Windows\System32\win32u.dll
0x00007ffb5d760000 - 0x00007ffb5d789000 	C:\Windows\System32\GDI32.dll
0x00007ffb5d3f0000 - 0x00007ffb5d508000 	C:\Windows\System32\gdi32full.dll
0x00007ffb5d590000 - 0x00007ffb5d62a000 	C:\Windows\System32\msvcp_win.dll
0x00007ffb288e0000 - 0x00007ffb288fb000 	c:\Users\gauravsingh10\.vscode\extensions\redhat.java-1.28.1-win32-x64\jre\17.0.10-win32-x86_64\bin\VCRUNTIME140.dll
0x00007ffb392c0000 - 0x00007ffb39553000 	C:\Windows\WinSxS\amd64_microsoft.windows.common-controls_6595b64144ccf1df_6.0.22621.2506_none_270c5ae97388e100\COMCTL32.dll
0x00007ffb5e260000 - 0x00007ffb5e307000 	C:\Windows\System32\msvcrt.dll
0x00007ffb5d670000 - 0x00007ffb5d6a1000 	C:\Windows\System32\IMM32.DLL
0x00007ffb53c70000 - 0x00007ffb53c7c000 	c:\Users\gauravsingh10\.vscode\extensions\redhat.java-1.28.1-win32-x64\jre\17.0.10-win32-x86_64\bin\vcruntime140_1.dll
0x00007ffb072b0000 - 0x00007ffb0733d000 	c:\Users\gauravsingh10\.vscode\extensions\redhat.java-1.28.1-win32-x64\jre\17.0.10-win32-x86_64\bin\msvcp140.dll
0x00007ffab1390000 - 0x00007ffab1ff2000 	c:\Users\gauravsingh10\.vscode\extensions\redhat.java-1.28.1-win32-x64\jre\17.0.10-win32-x86_64\bin\server\jvm.dll
0x00007ffb5e690000 - 0x00007ffb5e743000 	C:\Windows\System32\ADVAPI32.dll
0x00007ffb5d790000 - 0x00007ffb5d838000 	C:\Windows\System32\sechost.dll
0x00007ffb5d630000 - 0x00007ffb5d658000 	C:\Windows\System32\bcrypt.dll
0x00007ffb5dcf0000 - 0x00007ffb5de07000 	C:\Windows\System32\RPCRT4.dll
0x00007ffb5c4a0000 - 0x00007ffb5c4ed000 	C:\Windows\SYSTEM32\POWRPROF.dll
0x00007ffb35810000 - 0x00007ffb35819000 	C:\Windows\SYSTEM32\WSOCK32.dll
0x00007ffb5d6e0000 - 0x00007ffb5d751000 	C:\Windows\System32\WS2_32.dll
0x00007ffb52040000 - 0x00007ffb52074000 	C:\Windows\SYSTEM32\WINMM.dll
0x00007ffb53510000 - 0x00007ffb5351a000 	C:\Windows\SYSTEM32\VERSION.dll
0x00007ffb5c470000 - 0x00007ffb5c483000 	C:\Windows\SYSTEM32\UMPDC.dll
0x00007ffb5bb60000 - 0x00007ffb5bb78000 	C:\Windows\SYSTEM32\kernel.appcore.dll
0x00007ffb53c30000 - 0x00007ffb53c3a000 	c:\Users\gauravsingh10\.vscode\extensions\redhat.java-1.28.1-win32-x64\jre\17.0.10-win32-x86_64\bin\jimage.dll
0x00007ffb5a2b0000 - 0x00007ffb5a4e3000 	C:\Windows\SYSTEM32\DBGHELP.DLL
0x00007ffb5d940000 - 0x00007ffb5dcc9000 	C:\Windows\System32\combase.dll
0x00007ffb5e180000 - 0x00007ffb5e257000 	C:\Windows\System32\OLEAUT32.dll
0x00007ffb4eba0000 - 0x00007ffb4ebd2000 	C:\Windows\SYSTEM32\dbgcore.DLL
0x00007ffb5d510000 - 0x00007ffb5d58a000 	C:\Windows\System32\bcryptPrimitives.dll
0x00007ffb4e1c0000 - 0x00007ffb4e1e5000 	c:\Users\gauravsingh10\.vscode\extensions\redhat.java-1.28.1-win32-x64\jre\17.0.10-win32-x86_64\bin\java.dll
0x00007ffb20130000 - 0x00007ffb20148000 	c:\Users\gauravsingh10\.vscode\extensions\redhat.java-1.28.1-win32-x64\jre\17.0.10-win32-x86_64\bin\zip.dll
0x00007ffb5e980000 - 0x00007ffb5f1db000 	C:\Windows\System32\SHELL32.dll
0x00007ffb5a9c0000 - 0x00007ffb5b2b6000 	C:\Windows\SYSTEM32\windows.storage.dll
0x00007ffb5a880000 - 0x00007ffb5a9be000 	C:\Windows\SYSTEM32\wintypes.dll
0x00007ffb5d840000 - 0x00007ffb5d933000 	C:\Windows\System32\SHCORE.dll
0x00007ffb5e470000 - 0x00007ffb5e4ce000 	C:\Windows\System32\shlwapi.dll
0x00007ffb5cb80000 - 0x00007ffb5cba6000 	C:\Windows\SYSTEM32\profapi.dll
0x00007ffb1ff40000 - 0x00007ffb1ff59000 	C:\Users\gauravsingh10\.vscode\extensions\redhat.java-1.28.1-win32-x64\jre\17.0.10-win32-x86_64\bin\net.dll
0x00007ffb5bb80000 - 0x00007ffb5bcb7000 	C:\Windows\SYSTEM32\WINHTTP.dll
0x00007ffb5c110000 - 0x00007ffb5c179000 	C:\Windows\system32\mswsock.dll
0x00007ffb1dca0000 - 0x00007ffb1dcb6000 	C:\Users\gauravsingh10\.vscode\extensions\redhat.java-1.28.1-win32-x64\jre\17.0.10-win32-x86_64\bin\nio.dll
0x00007ffb52250000 - 0x00007ffb52260000 	c:\Users\gauravsingh10\.vscode\extensions\redhat.java-1.28.1-win32-x64\jre\17.0.10-win32-x86_64\bin\verify.dll
0x00007ffb5c420000 - 0x00007ffb5c43b000 	C:\Windows\SYSTEM32\CRYPTSP.dll
0x00007ffb5bac0000 - 0x00007ffb5baf5000 	C:\Windows\system32\rsaenh.dll
0x00007ffb5c1b0000 - 0x00007ffb5c1dc000 	C:\Windows\SYSTEM32\USERENV.dll
0x00007ffb5c390000 - 0x00007ffb5c39c000 	C:\Windows\SYSTEM32\CRYPTBASE.dll
0x00007ffb5b3e0000 - 0x00007ffb5b40d000 	C:\Windows\SYSTEM32\IPHLPAPI.DLL
0x00007ffb5f290000 - 0x00007ffb5f299000 	C:\Windows\System32\NSI.dll
0x00007ffb54440000 - 0x00007ffb54459000 	C:\Windows\SYSTEM32\dhcpcsvc6.DLL
0x00007ffb54420000 - 0x00007ffb5443f000 	C:\Windows\SYSTEM32\dhcpcsvc.DLL
0x00007ffb5b410000 - 0x00007ffb5b509000 	C:\Windows\SYSTEM32\DNSAPI.dll
0x00007ffb51fc0000 - 0x00007ffb51fc9000 	C:\Users\gauravsingh10\.vscode\extensions\redhat.java-1.28.1-win32-x64\jre\17.0.10-win32-x86_64\bin\management.dll
0x00007ffb514c0000 - 0x00007ffb514cb000 	C:\Users\gauravsingh10\.vscode\extensions\redhat.java-1.28.1-win32-x64\jre\17.0.10-win32-x86_64\bin\management_ext.dll
0x00007ffb5e750000 - 0x00007ffb5e758000 	C:\Windows\System32\PSAPI.DLL

dbghelp: loaded successfully - version: 4.0.5 - missing functions: none
symbol engine: initialized successfully - sym options: 0x614 - pdb path: .;c:\Users\gauravsingh10\.vscode\extensions\redhat.java-1.28.1-win32-x64\jre\17.0.10-win32-x86_64\bin;C:\Windows\SYSTEM32;C:\Windows\WinSxS\amd64_microsoft.windows.common-controls_6595b64144ccf1df_6.0.22621.2506_none_270c5ae97388e100;c:\Users\gauravsingh10\.vscode\extensions\redhat.java-1.28.1-win32-x64\jre\17.0.10-win32-x86_64\bin\server

VM Arguments:
jvm_args: -XX:+HeapDumpOnOutOfMemoryError -Xmx1024m -Dsts.lsp.client=vscode -Dsts.log.file=/dev/null -XX:TieredStopAtLevel=1 -Xlog:jni+resolve=off -Dspring.config.location=file:c:\Users\gauravsingh10\.vscode\extensions\vmware.vscode-spring-boot-1.52.0\language-server\BOOT-INF\classes\application.properties 
java_command: org.springframework.ide.vscode.boot.app.BootLanguageServerBootApp
java_class_path (initial): c:\Users\gauravsingh10\.vscode\extensions\vmware.vscode-spring-boot-1.52.0\language-server\BOOT-INF\classes;c:\Users\gauravsingh10\.vscode\extensions\vmware.vscode-spring-boot-1.52.0\language-server\BOOT-INF\lib\annotations-24.1.0.jar;c:\Users\gauravsingh10\.vscode\extensions\vmware.vscode-spring-boot-1.52.0\language-server\BOOT-INF\lib\antlr4-runtime-4.11.1.jar;c:\Users\gauravsingh10\.vscode\extensions\vmware.vscode-spring-boot-1.52.0\language-server\BOOT-INF\lib\asm-9.6.jar;c:\Users\gauravsingh10\.vscode\extensions\vmware.vscode-spring-boot-1.52.0\language-server\BOOT-INF\lib\asm-analysis-9.6.jar;c:\Users\gauravsingh10\.vscode\extensions\vmware.vscode-spring-boot-1.52.0\language-server\BOOT-INF\lib\asm-tree-9.6.jar;c:\Users\gauravsingh10\.vscode\extensions\vmware.vscode-spring-boot-1.52.0\language-server\BOOT-INF\lib\asm-util-9.6.jar;c:\Users\gauravsingh10\.vscode\extensions\vmware.vscode-spring-boot-1.52.0\language-server\BOOT-INF\lib\caffeine-3.1.8.jar;c:\Users\gauravsingh10\.vscode\extensions\vmware.vscode-spring-boot-1.52.0\language-server\BOOT-INF\lib\checker-qual-3.12.0.jar;c:\Users\gauravsingh10\.vscode\extensions\vmware.vscode-spring-boot-1.52.0\language-server\BOOT-INF\lib\classgraph-4.8.149.jar;c:\Users\gauravsingh10\.vscode\extensions\vmware.vscode-spring-boot-1.52.0\language-server\BOOT-INF\lib\commons-codec-1.16.0.jar;c:\Users\gauravsingh10\.vscode\extensions\vmware.vscode-spring-boot-1.52.0\language-server\BOOT-INF\lib\commons-compress-1.25.0.jar;c:\Users\gauravsingh10\.vscode\extensions\vmware.vscode-spring-boot-1.52.0\language-server\BOOT-INF\lib\commons-io-2.4.jar;c:\Users\gauravsingh10\.vscode\extensions\vmware.vscode-spring-boot-1.52.0\language-server\BOOT-INF\lib\commons-java-1.52.0-SNAPSHOT.jar;c:\Users\gauravsingh10\.vscode\extensions\vmware.vscode-spring-boot-1.52.0\language-server\BOOT-INF\lib\commons-lang3-3.13.0.jar;c:\Users\gauravsingh10\.vscode\extensions\vmware.vscode-spring-boot-1.52.0\language-server\BOOT
Launcher Type: SUN_STANDARD

[Global flags]
     intx CICompilerCount                          = 4                                         {product} {ergonomic}
     uint ConcGCThreads                            = 2                                         {product} {ergonomic}
     uint G1ConcRefinementThreads                  = 8                                         {product} {ergonomic}
   size_t G1HeapRegionSize                         = 1048576                                   {product} {ergonomic}
    uintx GCDrainStackTargetSize                   = 64                                        {product} {ergonomic}
     bool HeapDumpOnOutOfMemoryError               = true                                   {manageable} {command line}
   size_t InitialHeapSize                          = 260046848                                 {product} {ergonomic}
   size_t MarkStackSize                            = 4194304                                   {product} {ergonomic}
   size_t MaxHeapSize                              = 1073741824                                {product} {command line}
   size_t MaxNewSize                               = 643825664                                 {product} {ergonomic}
   size_t MinHeapDeltaBytes                        = 1048576                                   {product} {ergonomic}
   size_t MinHeapSize                              = 8388608                                   {product} {ergonomic}
    uintx NonProfiledCodeHeapSize                  = 0                                      {pd product} {ergonomic}
     bool ProfileInterpreter                       = false                                  {pd product} {command line}
    uintx ProfiledCodeHeapSize                     = 0                                      {pd product} {ergonomic}
   size_t SoftMaxHeapSize                          = 1073741824                             {manageable} {ergonomic}
     intx TieredStopAtLevel                        = 1                                         {product} {command line}
     bool UseCompressedClassPointers               = true                           {product lp64_product} {ergonomic}
     bool UseCompressedOops                        = true                           {product lp64_product} {ergonomic}
     bool UseG1GC                                  = true                                      {product} {ergonomic}
     bool UseLargePagesIndividualAllocation        = false                                  {pd product} {ergonomic}

Logging:
Log output configuration:
 #0: stdout all=warning,jni+resolve=off uptime,level,tags
 #1: stderr all=off uptime,level,tags

Environment Variables:
JAVA_HOME=C:\.Net & Java Software\Open JKD -11
PATH=C:\Windows\system32;C:\Windows;C:\Windows\System32\Wbem;C:\Windows\System32\WindowsPowerShell\v1.0\;C:\Windows\System32\OpenSSH\;C:\Program Files\dotnet\;C:\Program Files\TortoiseSVN\bin;C:\Program Files\Microsoft SQL Server\130\Tools\Binn\;C:\Program Files\Microsoft SQL Server\Client SDK\ODBC\170\Tools\Binn\;C:\.Net & Java Software\Open JKD -11\bin;C:\Program Files (x86)\Microsoft SQL Server\150\DTS\Binn\;C:\Program Files\Azure Data Studio\bin;C:\Program Files (x86)\Microsoft SQL Server\140\Tools\Binn\;C:\Program Files\Microsoft SQL Server\140\Tools\Binn\;C:\Program Files (x86)\Microsoft SQL Server\140\DTS\Binn\;C:\Program Files\Microsoft SQL Server\140\DTS\Binn\;C:\Program Files\Microsoft SQL Server\Client SDK\ODBC\130\Tools\Binn\;C:\Maven\apache-maven-3.9.1\bin;C:\apache-ant-1.9.16\bin;C:\Program Files\RedHat\java-11-openjdk-11.0.5-2\bin;C:\Program Files\Git\cmd;C:\Program Files\nodejs\;C:\Users\gauravsingh10\AppData\Local\Microsoft\WindowsApps;C:\Users\gauravsingh10\AppData\Roaming\npm;C:\Program Files\Azure Data Studio\bin;C:\Users\gauravsingh10\AppData\Local\Programs\Microsoft VS Code\bin;C:\Program Files\JetBrains\IntelliJ IDEA Community Edition 2022.3.3\bin;
USERNAME=gauravsingh10
OS=Windows_NT
PROCESSOR_IDENTIFIER=Intel64 Family 6 Model 140 Stepping 1, GenuineIntel
TMP=C:\Users\GAURAV~1\AppData\Local\Temp
TEMP=C:\Users\GAURAV~1\AppData\Local\Temp



Periodic native trim disabled


---------------  S Y S T E M  ---------------

OS:
 Windows 11 , 64 bit Build 22621 (10.0.22621.3085)
OS uptime: 8 days 0:15 hours
Hyper-V role detected

CPU: total 8 (initial active 8) (4 cores per cpu, 2 threads per core) family 6 model 140 stepping 1 microcode 0xa4, cx8, cmov, fxsr, ht, mmx, 3dnowpref, sse, sse2, sse3, ssse3, sse4.1, sse4.2, popcnt, lzcnt, tsc, tscinvbit, avx, avx2, aes, erms, clmul, bmi1, bmi2, adx, avx512f, avx512dq, avx512cd, avx512bw, avx512vl, sha, fma, vzeroupper, avx512_vpopcntdq, avx512_vpclmulqdq, avx512_vaes, avx512_vnni, clflush, clflushopt, clwb, avx512_vbmi2, avx512_vbmi, hv
Processor Information for all 8 processors :
  Max Mhz: 1498, Current Mhz: 1498, Mhz Limit: 1498

Memory: 4k page, system-wide physical 15761M (356M free)
TotalPageFile size 45941M (AvailPageFile size 0M)
current process WorkingSet (physical memory assigned to process): 48M, peak: 176M
current process commit charge ("private bytes"): 211M, peak: 358M

vm_info: OpenJDK 64-Bit Server VM (17.0.10+7) for windows-amd64 JRE (17.0.10+7), built on Jan 16 2024 23:25:11 by "admin" with MS VC++ 16.10 / 16.11 (VS2019)

END.
